<?xml version="1.0" encoding="UTF-8" ?>
<testsuite tests="8" failures="0" name="id.impal.dosen.demo.test.DemoTest" time="0.004" errors="0" skipped="0">
  <properties>
    <property name="java.runtime.name" value="Java(TM) SE Runtime Environment"/>
    <property name="sun.boot.library.path" value="Z:\progs\Java\64bit\jdk.1.8.92\jre\bin"/>
    <property name="java.vm.version" value="25.92-b14"/>
    <property name="java.vm.vendor" value="Oracle Corporation"/>
    <property name="maven.multiModuleProjectDirectory" value="Z:\demo\demo-cucumber"/>
    <property name="java.vendor.url" value="http://java.oracle.com/"/>
    <property name="path.separator" value=";"/>
    <property name="guice.disable.misplaced.annotation.check" value="true"/>
    <property name="java.vm.name" value="Java HotSpot(TM) 64-Bit Server VM"/>
    <property name="file.encoding.pkg" value="sun.io"/>
    <property name="user.script" value=""/>
    <property name="user.country" value="US"/>
    <property name="sun.java.launcher" value="SUN_STANDARD"/>
    <property name="sun.os.patch.level" value=""/>
    <property name="java.vm.specification.name" value="Java Virtual Machine Specification"/>
    <property name="user.dir" value="Z:\demo\demo-cucumber"/>
    <property name="java.runtime.version" value="1.8.0_92-b14"/>
    <property name="java.awt.graphicsenv" value="sun.awt.Win32GraphicsEnvironment"/>
    <property name="java.endorsed.dirs" value="Z:\progs\Java\64bit\jdk.1.8.92\jre\lib\endorsed"/>
    <property name="os.arch" value="amd64"/>
    <property name="java.io.tmpdir" value="C:\Users\iman\AppData\Local\Temp\"/>
    <property name="line.separator" value="
"/>
    <property name="java.vm.specification.vendor" value="Oracle Corporation"/>
    <property name="user.variant" value=""/>
    <property name="os.name" value="Windows 10"/>
    <property name="maven.ext.class.path" value="C:\Program Files\NetBeans 8.2\java\maven-nblib\netbeans-eventspy.jar"/>
    <property name="classworlds.conf" value="Z:\progs\apache-maven\bin\m2.conf"/>
    <property name="sun.jnu.encoding" value="Cp1252"/>
    <property name="java.library.path" value="Z:\progs\Java\64bit\jdk.1.8.92\bin;C:\WINDOWS\Sun\Java\bin;C:\WINDOWS\system32;C:\WINDOWS;C:\Program Files\Docker\Docker\Resources\bin;C:\Program Files (x86)\Intel\iCLS Client\;C:\Program Files\Intel\iCLS Client\;C:\WINDOWS\system32;C:\WINDOWS;C:\WINDOWS\System32\Wbem;C:\WINDOWS\System32\WindowsPowerShell\v1.0\;C:\Program Files\7-Zip;C:\Program Files\nodejs\;C:\Users\abah\.npm-global\;C:\Program Files (x86)\Mozilla Firefox;Z:\progs\Java\64bit\jdk.1.8.92\bin;Z:\progs\php\php-7.1.3-nts-Win32-VC14-x86\;Z:\progs\php\php-ext-bin;C:\Users\iman\AppData\Local\Android\Sdk\platform-tools;C:\Program Files (x86)\Meld;C:\Program Files\Intel\WiFi\bin\;C:\Program Files\Common Files\Intel\WirelessCommon\;C:\Program Files (x86)\Intel\Intel(R) Management Engine Components\DAL;C:\Program Files\Intel\Intel(R) Management Engine Components\DAL;C:\Program Files (x86)\Intel\Intel(R) Management Engine Components\IPT;C:\Program Files\Intel\Intel(R) Management Engine Components\IPT;C:\Program Files (x86)\Skype\Phone\;Z:\progs\sonar-scanner-3.0.3.778-windows\bin;C:\HashiCorp\Vagrant\bin;Z:\progs\elevate;C:\Program Files (x86)\GnuWin32\bin;C:\Program Files\Git\cmd;Z:\progs\apache-maven\bin;Z:\progs\gradle-4.2.1\bin;C:\Users\iman\AppData\Local\Microsoft\WindowsApps;C:\Users\iman\AppData\Local\Programs\Git\cmd;C:\Users\iman\AppData\Roaming\npm;C:\Users\iman\AppData\Local\ComposerSetup\bin;C:\Users\iman\AppData\Roaming\Composer\vendor\bin;."/>
    <property name="java.specification.name" value="Java Platform API Specification"/>
    <property name="java.class.version" value="52.0"/>
    <property name="sun.management.compiler" value="HotSpot 64-Bit Tiered Compilers"/>
    <property name="os.version" value="10.0"/>
    <property name="user.home" value="C:\Users\iman"/>
    <property name="user.timezone" value="Asia/Bangkok"/>
    <property name="java.awt.printerjob" value="sun.awt.windows.WPrinterJob"/>
    <property name="java.specification.version" value="1.8"/>
    <property name="file.encoding" value="UTF-8"/>
    <property name="user.name" value="iman"/>
    <property name="java.class.path" value="Z:\progs\apache-maven\boot\plexus-classworlds-2.5.2.jar"/>
    <property name="java.vm.specification.version" value="1.8"/>
    <property name="sun.arch.data.model" value="64"/>
    <property name="java.home" value="Z:\progs\Java\64bit\jdk.1.8.92\jre"/>
    <property name="sun.java.command" value="org.codehaus.plexus.classworlds.launcher.Launcher -Dmaven.ext.class.path=C:\Program Files\NetBeans 8.2\java\maven-nblib\netbeans-eventspy.jar -Dfile.encoding=UTF-8 test"/>
    <property name="java.specification.vendor" value="Oracle Corporation"/>
    <property name="user.language" value="en"/>
    <property name="awt.toolkit" value="sun.awt.windows.WToolkit"/>
    <property name="java.vm.info" value="mixed mode"/>
    <property name="java.version" value="1.8.0_92"/>
    <property name="java.ext.dirs" value="Z:\progs\Java\64bit\jdk.1.8.92\jre\lib\ext;C:\WINDOWS\Sun\Java\lib\ext"/>
    <property name="sun.boot.class.path" value="Z:\progs\Java\64bit\jdk.1.8.92\jre\lib\resources.jar;Z:\progs\Java\64bit\jdk.1.8.92\jre\lib\rt.jar;Z:\progs\Java\64bit\jdk.1.8.92\jre\lib\sunrsasign.jar;Z:\progs\Java\64bit\jdk.1.8.92\jre\lib\jsse.jar;Z:\progs\Java\64bit\jdk.1.8.92\jre\lib\jce.jar;Z:\progs\Java\64bit\jdk.1.8.92\jre\lib\charsets.jar;Z:\progs\Java\64bit\jdk.1.8.92\jre\lib\jfr.jar;Z:\progs\Java\64bit\jdk.1.8.92\jre\classes"/>
    <property name="java.vendor" value="Oracle Corporation"/>
    <property name="maven.home" value="Z:\progs\apache-maven"/>
    <property name="file.separator" value="\"/>
    <property name="java.vendor.url.bug" value="http://bugreport.sun.com/bugreport/"/>
    <property name="sun.cpu.endian" value="little"/>
    <property name="sun.io.unicode.encoding" value="UnicodeLittle"/>
    <property name="sun.desktop" value="windows"/>
    <property name="sun.cpu.isalist" value="amd64"/>
  </properties>
  <testcase classname="Skenario: Memasukan User Baru" name="Dengan Data user baru yang akan dimasukan tersedia dan tidak duplikat dengan data yang telah ada di sistem" time="0.002"/>
  <testcase classname="Skenario: Memasukan User Baru" name="Ketika Memasukan data user dengan nama &quot;badu&quot;" time="0"/>
  <testcase classname="Skenario: Memasukan User Baru" name="Maka respon &quot;user sukses dimasukan&quot;" time="0"/>
  <testcase classname="Skenario: Memasukan User Baru" name="Skenario: Memasukan User Baru" time="0.001"/>
  <testcase classname="Skenario: Memasukan User Baru" name="Dengan Data user baru yang akan dimasukan tersedia dan tidak duplikat dengan data yang telah ada di sistem" time="0"/>
  <testcase classname="Skenario: Memasukan User Baru" name="Ketika Memasukan data user dengan nama &quot;deni&quot;" time="0"/>
  <testcase classname="Skenario: Memasukan User Baru" name="Maka respon gagal dengan pesan &quot;duplicate&quot;" time="0"/>
  <testcase classname="Skenario: Memasukan User Baru" name="Skenario: Memasukan User Baru" time="0.001"/>
</testsuite>